{"C:\\Users\\kanim\\OneDrive\\Documents\\react\\react-js\\src\\components\\Contact.js": {"path":"C:\\Users\\kanim\\OneDrive\\Documents\\react\\react-js\\src\\components\\Contact.js","statementMap":{"0":{"start":{"line":8,"column":16},"end":{"line":24,"column":1}},"1":{"start":{"line":10,"column":23},"end":{"line":10,"column":46}},"2":{"start":{"line":13,"column":4},"end":{"line":23,"column":5}}},"fnMap":{"0":{"name":"(anonymous_0)","decl":{"start":{"line":8,"column":16},"end":{"line":8,"column":17}},"loc":{"start":{"line":8,"column":21},"end":{"line":24,"column":1}},"line":8}},"branchMap":{},"s":{"0":1,"1":4,"2":4},"f":{"0":4},"b":{},"_coverageSchema":"1a1c01bbd47fc00a2c39e90264f33305004495a9","hash":"19dc22615198d4f0945d589b0a842e8e213fd644"}
,"C:\\Users\\kanim\\OneDrive\\Documents\\react\\react-js\\src\\components\\sum.js": {"path":"C:\\Users\\kanim\\OneDrive\\Documents\\react\\react-js\\src\\components\\sum.js","statementMap":{"0":{"start":{"line":1,"column":19},"end":{"line":3,"column":1}},"1":{"start":{"line":2,"column":4},"end":{"line":2,"column":18}}},"fnMap":{"0":{"name":"(anonymous_0)","decl":{"start":{"line":1,"column":19},"end":{"line":1,"column":20}},"loc":{"start":{"line":1,"column":27},"end":{"line":3,"column":1}},"line":1}},"branchMap":{},"s":{"0":1,"1":1},"f":{"0":1},"b":{},"_coverageSchema":"1a1c01bbd47fc00a2c39e90264f33305004495a9","hash":"9f0f04433f67f9c315f4eea0c04bdb491aa1d72c"}
,"C:\\Users\\kanim\\OneDrive\\Documents\\react\\react-js\\src\\utils\\UserContext.js": {"path":"C:\\Users\\kanim\\OneDrive\\Documents\\react\\react-js\\src\\utils\\UserContext.js","statementMap":{"0":{"start":{"line":3,"column":20},"end":{"line":7,"column":1}}},"fnMap":{},"branchMap":{},"s":{"0":1},"f":{},"b":{},"_coverageSchema":"1a1c01bbd47fc00a2c39e90264f33305004495a9","hash":"c180f8db066e5f0545f9d8d2ba7ca425b20d663e"}
}
